Checking for wasm32-unknown-unknown target...
Checking connection to Arbitrum Sepolia...
Connected to Arbitrum Sepolia!
Deployer address: 0x41533D3A24805C67ab6603E347676Ce63269061C
Deploying first ERC20 token contract (Token0) to Arbitrum Sepolia...
Token0 contract deployed at address: 0xf5285dc8a7b7d14e29202c857ae31da0b913395b
Token0 transaction hash: 0x4468142bd6d902fcc843d071fa529faf547029d75c174d775019949e74d3899d
Deploying second ERC20 token contract (Token1) to Arbitrum Sepolia...
Token1 contract deployed at address: 0x0fa34dfc2d70837cf06592d836b8ec19c1f048c2
Token1 transaction hash: 0x9716d2c97b9fa8dea47af0d61870867df9023e5b1e52981564326ecdc1e2802c
Minting tokens for testing...

blockHash            0x4100fc86b1b0493de3370348e7364065c26037d4f0750f33fcbaf05029fbd8ab
blockNumber          186115199
contractAddress      
cumulativeGasUsed    119274
effectiveGasPrice    100000000
from                 0x41533D3A24805C67ab6603E347676Ce63269061C
gasUsed              72322
logs                 [{"address":"0xf5285dc8a7b7d14e29202c857ae31da0b913395b","topics":["0xddf252ad1be2c89b69c2b068fc378daa952ba7f163c4a11628f55a4df523b3ef","0x0000000000000000000000000000000000000000000000000000000000000000","0x00000000000000000000000041533d3a24805c67ab6603e347676ce63269061c"],"data":"0x00000000000000000000000000000000000000000000003635c9adc5dea00000","blockHash":"0x4100fc86b1b0493de3370348e7364065c26037d4f0750f33fcbaf05029fbd8ab","blockNumber":"0xb17e47f","transactionHash":"0x0901f04cc59e0ac1420090068fc5f3dbe257c87a6b940d3ac6a3d5746745399f","transactionIndex":"0x2","logIndex":"0x1","removed":false}]
logsBloom            0x000000000000000000000000000000000000000000000000000000000000000000000000000000000000000000000000000000000000000000000000000000000000000000000000000000080000000000000000000000000000000000000000000000800200000000000000000008000020000000000000000000100800000000000000000000000000000000000000000000200
blockHash            0x4100fc86b1b0493de3370348e7364065c26037d4f0750f33fcbaf05029fbd8ab
blockNumber          186115199
contractAddress      
cumulativeGasUsed    119274
effectiveGasPrice    100000000
from                 0x41533D3A24805C67ab6603E347676Ce63269061C
gasUsed              72322
logs                 [{"address":"0xf5285dc8a7b7d14e29202c857ae31da0b913395b","topics":["0xddf252ad1be2c89b69c2b068fc378daa952ba7f163c4a11628f55a4df523b3ef","0x0000000000000000000000000000000000000000000000000000000000000000","0x00000000000000000000000041533d3a24805c67ab6603e347676ce63269061c"],"data"
blockHash            0x6103cd214f2769fcbc0815c693f146c3a08c2a0008ac70012a1c74ced40ac3f3
blockNumber          186115209
contractAddress      
cumulativeGasUsed    461567
effectiveGasPrice    100000000
from                 0x41533D3A24805C67ab6603E347676Ce63269061C
gasUsed              72322
logs                 [{"address":"0x0fa34dfc2d70837cf06592d836b8ec19c1f048c2","topics":["0xddf252ad1be2c89b69c2b068fc378daa952ba7f163c4a11628f55a4df523b3ef","0x0000000000000000000000000000000000000000000000000000000000000000","0x00000000000000000000000041533d3a24805c67ab6603e347676ce63269061c"],"data":"0x00000000000000000000000000000000000000000000003635c9adc5dea00000","blockHash":"0x6103cd214f2769fcbc0815c693f146c3a08c2a0008ac70012a1c74ced40ac3f3","blockNumber":"0xb17e489","transactionHash":"0xfa1fa7656037f984ffab0e2652e390c9e843e828c77a7950825119212768a62b","transactionIndex":"0x5","logIndex":"0xc","removed":false}]
logsBloom            0x000000000000000000000000000000000000000000000000000000000000000000000000000000000000001000000000000000000000000400000000000000000000000000000000000000080000000000000000000000000000000000000000000000000200000000000000000008000000000000000000000000100000000000000000000000000008000000000000000000200
blockHash            0x6103cd214f2769fcbc0815c693f146c3a08c2a0008ac70012a1c74ced40ac3f3
blockNumber          186115209
contractAddress      
cumulativeGasUsed    461567
effectiveGasPrice    100000000
from                 0x41533D3A24805C67ab6603E347676Ce63269061C
gasUsed              72322
logs                 [{"address":"0x0fa34dfc2d70837cf06592d836b8ec19c1f048c2","topics":["0xddf252ad1be2c89b69c2b068fc378daa952ba7f163c4a11628f55a4df523b3ef","0x0000000000000000000000000000000000000000000000000000000000000000","0x00000000000000000000000041533d3a24805c67ab6603e347676ce63269061c"],"data"Tokens minted to deployer address.
Deploying the Uniswap V2 contract to Arbitrum Sepolia using cargo stylus...
Uniswap V2 contract deployed successfully!
Transaction hash: 0x8bba6f0d5b944d5fde12daad8620894b0b6b28b5226b5f0edf96aca919064f19
Uniswap V2 contract address: 0x876d777b521402f90afbfea3b93cffa03281de9c
Deployment info saved to build/stylus-deployment-info.json
Deployment completed successfully on Arbitrum Sepolia!
Summary of deployed contracts:
- Token0: 0xf5285dc8a7b7d14e29202c857ae31da0b913395b
- Token1: 0x0fa34dfc2d70837cf06592d836b8ec19c1f048c2
- Uniswap V2: 0x876d777b521402f90afbfea3b93cffa03281de9c
000800000000000000000020000000000000000000000000000000000000000000000000000000000000000000000000000000000000000000000003000000000000000000000000000000800000000000000000000020000000000000000000000000000000000000000000000000000000000000000000
root                 
status               1 (success)
transactionHash      0xfa1fa7656037f984ffab0e2652e390c9e843e828c77a7950825119212768a62b
transactionIndex     5
type                 2
blobGasPrice         
blobGasUsed          
to                   0x0FA34DFc2D70837cF06592d836B8EC19C1F048C2
gasUsedForL1         11
l1BlockNumber        9030107
timeboosted          false

Tokens minted to deployer address.
Deploying the Uniswap V2 contract to Arbitrum Sepolia using cargo stylus...
Uniswap V2 contract deployed successfully!
Transaction hash: 0x8bba6f0d5b944d5fde12daad8620894b0b6b28b5226b5f0edf96aca919064f19
Uniswap V2 contract address: 0x876d777b521402f90afbfea3b93cffa03281de9c
Deployment info saved to build/stylus-deployment-info.json
Deployment completed successfully on Arbitrum Sepolia!
Summary of deployed contracts:
- Token0: 0xf5285dc8a7b7d14e29202c857ae31da0b913395b
- Token1: 0x0fa34dfc2d70837cf06592d836b8ec19c1f048c2
- Uniswap V2: 0x876d777b521402f90afbfea3b93cffa03281de9c
Deployment completed successfully!
